> apm list --installed --bare
Hydrogen@2.15.3
atom-beautify@0.33.4
atom-file-icons@0.7.1
atom-ide-ui@0.13.0
atom-runner@2.7.1
auto-update-packages@1.0.1
autocomplete-paths@2.15.2
autocomplete-python@1.17.0
busy-signal@2.0.1
date@2.6.0
document-outline@2.1.2
git-plus@8.7.1
highlight-selected@0.17.0
ide-python@1.8.0
intentions@1.1.5
language-latex@1.2.0
language-markdown@0.37.0
latex@0.50.2
latexer@0.3.0
linter@3.3.1
linter-flake8@2.4.0
linter-python@3.1.2
linter-ui-default@3.3.1
markdown-writer@2.11.11
merge-conflicts@1.4.5
minimap@4.39.14
minimap-cursorline@1.0.4
minimap-find-and-replace@5.0.8
minimap-highlight-selected@4.6.5
open-recent@5.0.0
pdf-view@0.73.0
pigments@0.40.6
platformio-ide-terminal@2.10.1
project-manager@3.3.8
show-ideographic-space@1.0.2
split-diff@1.6.1
tool-bar@1.4.2
tool-bar-markdown-writer@0.5.1
